2019-03-13 00:37:07 [wysh.selenium.base.SelectDriver] - [ main:0 ] - [ INFO ] start browser ï¼Œand browser is chrome !!!
2019-03-13 00:37:26 [wysh.selenium.testcase.TestLoginAndCommitBug] - [ main:18486 ] - [ INFO ] username is :admin
2019-03-13 00:37:26 [wysh.selenium.testcase.TestLoginAndCommitBug] - [ main:18487 ] - [ INFO ] password is :Aa1234
2019-03-13 00:37:26 [wysh.selenium.testcase.TestLoginAndCommitBug] - [ main:18488 ] - [ INFO ] bugtitle is :è¿™æ˜¯ç”±adminæäº¤çš„bug4
2019-03-13 00:37:26 [wysh.selenium.testcase.TestLoginAndCommitBug] - [ main:18491 ] - [ INFO ] bugdetail is :è¿™æ˜¯adminæäº¤çš„bugè¯¦æƒ…4
2019-03-13 00:37:26 [wysh.selenium.business.LoginPro] - [ main:18648 ] - [ INFO ] å¼€å§‹ç™»å½•æ“ä½œï¼ï¼ï¼
2019-03-13 00:37:31 [wysh.selenium.business.HomePagePro] - [ main:23857 ] - [ INFO ] æäº¤bugå¼€å§‹äº†!!!!
2019-03-13 00:37:38 [wysh.selenium.business.HomePagePro] - [ main:31254 ] - [ INFO ] bug before count is :13
2019-03-13 00:37:56 [wysh.selenium.business.HomePagePro] - [ main:48928 ] - [ INFO ] bug after count is :14
2019-03-13 00:38:05 [wysh.selenium.testcase.TestLoginAndCommitBug] - [ main:57769 ] - [ INFO ] username is :admin1
2019-03-13 00:38:05 [wysh.selenium.testcase.TestLoginAndCommitBug] - [ main:57771 ] - [ INFO ] password is :Bb12345
2019-03-13 00:38:05 [wysh.selenium.testcase.TestLoginAndCommitBug] - [ main:57771 ] - [ INFO ] bugtitle is :è¿™æ˜¯ç”±admin1æäº¤çš„bug4
2019-03-13 00:38:05 [wysh.selenium.testcase.TestLoginAndCommitBug] - [ main:57771 ] - [ INFO ] bugdetail is :è¿™æ˜¯admin1æäº¤çš„bugè¯¦æƒ…4
2019-03-13 00:38:05 [wysh.selenium.business.LoginPro] - [ main:57816 ] - [ INFO ] å¼€å§‹ç™»å½•æ“ä½œï¼ï¼ï¼
2019-03-13 00:38:08 [wysh.selenium.business.HomePagePro] - [ main:60697 ] - [ INFO ] æäº¤bugå¼€å§‹äº†!!!!
2019-03-13 00:38:09 [wysh.selenium.util.TestngRetry] - [ main:61944 ] - [ INFO ] [TestResult name=testLogin status=FAILURE method=TestLoginAndCommitBug.testLogin(java.util.HashMap)[pri:0, instance:wysh.selenium.testcase.TestLoginAndCommitBug@458c1321] output={null}]
2019-03-13 00:38:09 [wysh.selenium.util.TestngRetry] - [ main:61968 ] - [ INFO ] é‡è¯•ç¬¬ï¼š1æ¬¡ï¼
2019-03-13 00:38:11 [wysh.selenium.testcase.TestLoginAndCommitBug] - [ main:64075 ] - [ INFO ] username is :admin1
2019-03-13 00:38:11 [wysh.selenium.testcase.TestLoginAndCommitBug] - [ main:64075 ] - [ INFO ] password is :Bb12345
2019-03-13 00:38:11 [wysh.selenium.testcase.TestLoginAndCommitBug] - [ main:64075 ] - [ INFO ] bugtitle is :è¿™æ˜¯ç”±admin1æäº¤çš„bug4
2019-03-13 00:38:11 [wysh.selenium.testcase.TestLoginAndCommitBug] - [ main:64075 ] - [ INFO ] bugdetail is :è¿™æ˜¯admin1æäº¤çš„bugè¯¦æƒ…4
2019-03-13 00:38:11 [wysh.selenium.util.TestngRetry] - [ main:64105 ] - [ INFO ] [TestResult name=testLogin status=FAILURE method=TestLoginAndCommitBug.testLogin(java.util.HashMap)[pri:0, instance:wysh.selenium.testcase.TestLoginAndCommitBug@458c1321] output={null}]
2019-03-13 00:38:11 [wysh.selenium.util.TestngRetry] - [ main:64106 ] - [ INFO ] é‡è¯•ç¬¬ï¼š2æ¬¡ï¼
2019-03-13 00:38:13 [wysh.selenium.testcase.TestLoginAndCommitBug] - [ main:66162 ] - [ INFO ] username is :admin1
2019-03-13 00:38:13 [wysh.selenium.testcase.TestLoginAndCommitBug] - [ main:66163 ] - [ INFO ] password is :Bb12345
2019-03-13 00:38:13 [wysh.selenium.testcase.TestLoginAndCommitBug] - [ main:66164 ] - [ INFO ] bugtitle is :è¿™æ˜¯ç”±admin1æäº¤çš„bug4
2019-03-13 00:38:13 [wysh.selenium.testcase.TestLoginAndCommitBug] - [ main:66165 ] - [ INFO ] bugdetail is :è¿™æ˜¯admin1æäº¤çš„bugè¯¦æƒ…4
2019-03-13 00:38:13 [wysh.selenium.util.TestngRetry] - [ main:66181 ] - [ INFO ] [TestResult name=testLogin status=FAILURE method=TestLoginAndCommitBug.testLogin(java.util.HashMap)[pri:0, instance:wysh.selenium.testcase.TestLoginAndCommitBug@458c1321] output={null}]
2019-03-13 00:38:13 [wysh.selenium.util.TestngRetry] - [ main:66182 ] - [ INFO ] é‡è¯•ç¬¬ï¼š3æ¬¡ï¼
2019-03-13 00:38:15 [wysh.selenium.testcase.TestLoginAndCommitBug] - [ main:68242 ] - [ INFO ] username is :admin1
2019-03-13 00:38:15 [wysh.selenium.testcase.TestLoginAndCommitBug] - [ main:68242 ] - [ INFO ] password is :Bb12345
2019-03-13 00:38:15 [wysh.selenium.testcase.TestLoginAndCommitBug] - [ main:68242 ] - [ INFO ] bugtitle is :è¿™æ˜¯ç”±admin1æäº¤çš„bug4
2019-03-13 00:38:15 [wysh.selenium.testcase.TestLoginAndCommitBug] - [ main:68243 ] - [ INFO ] bugdetail is :è¿™æ˜¯admin1æäº¤çš„bugè¯¦æƒ…4
2019-03-13 00:38:15 [wysh.selenium.util.TestngRetry] - [ main:68272 ] - [ INFO ] [TestResult name=testLogin status=FAILURE method=TestLoginAndCommitBug.testLogin(java.util.HashMap)[pri:0, instance:wysh.selenium.testcase.TestLoginAndCommitBug@458c1321] output={null}]
2019-03-13 00:38:15 [wysh.selenium.base.DriverBase] - [ main:68277 ] - [ INFO ] å¼€å§‹æˆªå›¾
2019-03-13 00:38:17 [wysh.selenium.testcase.TestLoginAndCommitBug] - [ main:70326 ] - [ INFO ] username is :user3
2019-03-13 00:38:17 [wysh.selenium.testcase.TestLoginAndCommitBug] - [ main:70326 ] - [ INFO ] password is :Cc1234
2019-03-13 00:38:17 [wysh.selenium.testcase.TestLoginAndCommitBug] - [ main:70326 ] - [ INFO ] bugtitle is :
2019-03-13 00:38:17 [wysh.selenium.testcase.TestLoginAndCommitBug] - [ main:70326 ] - [ INFO ] bugdetail is :è¿™æ˜¯user3æäº¤çš„bugè¯¦æƒ…3
2019-03-13 00:38:17 [wysh.selenium.util.TestngRetry] - [ main:70341 ] - [ INFO ] [TestResult name=testLogin status=FAILURE method=TestLoginAndCommitBug.testLogin(java.util.HashMap)[pri:0, instance:wysh.selenium.testcase.TestLoginAndCommitBug@458c1321] output={null}]
2019-03-13 00:38:17 [wysh.selenium.base.DriverBase] - [ main:70347 ] - [ INFO ] å¼€å§‹æˆªå›¾
2019-03-13 00:38:20 [wysh.selenium.testcase.TestLoginAndCommitBug] - [ main:72420 ] - [ INFO ] username is :user3
2019-03-13 00:38:20 [wysh.selenium.testcase.TestLoginAndCommitBug] - [ main:72420 ] - [ INFO ] password is :Cc1234
2019-03-13 00:38:20 [wysh.selenium.testcase.TestLoginAndCommitBug] - [ main:72421 ] - [ INFO ] bugtitle is :
2019-03-13 00:38:20 [wysh.selenium.testcase.TestLoginAndCommitBug] - [ main:72422 ] - [ INFO ] bugdetail is :è¿™æ˜¯user3æäº¤çš„bugè¯¦æƒ…3
2019-03-13 00:38:20 [wysh.selenium.util.TestngRetry] - [ main:72435 ] - [ INFO ] [TestResult name=testLogin status=FAILURE method=TestLoginAndCommitBug.testLogin(java.util.HashMap)[pri:0, instance:wysh.selenium.testcase.TestLoginAndCommitBug@458c1321] output={null}]
2019-03-13 00:38:20 [wysh.selenium.base.DriverBase] - [ main:72442 ] - [ INFO ] å¼€å§‹æˆªå›¾
2019-03-13 00:38:22 [wysh.selenium.testcase.TestLoginAndCommitBug] - [ main:74458 ] - [ INFO ] username is :user4
2019-03-13 00:38:22 [wysh.selenium.testcase.TestLoginAndCommitBug] - [ main:74458 ] - [ INFO ] password is :Dd1234
2019-03-13 00:38:22 [wysh.selenium.testcase.TestLoginAndCommitBug] - [ main:74458 ] - [ INFO ] bugtitle is :è¿™æ˜¯ç”±user4æäº¤çš„bug4
2019-03-13 00:38:22 [wysh.selenium.testcase.TestLoginAndCommitBug] - [ main:74458 ] - [ INFO ] bugdetail is :è¿™æ˜¯user4æäº¤çš„bugè¯¦æƒ…4
2019-03-13 00:38:22 [wysh.selenium.util.TestngRetry] - [ main:74478 ] - [ INFO ] [TestResult name=testLogin status=FAILURE method=TestLoginAndCommitBug.testLogin(java.util.HashMap)[pri:0, instance:wysh.selenium.testcase.TestLoginAndCommitBug@458c1321] output={null}]
2019-03-13 00:38:22 [wysh.selenium.base.DriverBase] - [ main:74482 ] - [ INFO ] å¼€å§‹æˆªå›¾
2019-03-13 00:38:24 [wysh.selenium.testcase.TestLoginAndCommitBug] - [ main:76538 ] - [ INFO ] username is :user4
2019-03-13 00:38:24 [wysh.selenium.testcase.TestLoginAndCommitBug] - [ main:76538 ] - [ INFO ] password is :Dd1234
2019-03-13 00:38:24 [wysh.selenium.testcase.TestLoginAndCommitBug] - [ main:76538 ] - [ INFO ] bugtitle is :è¿™æ˜¯ç”±user4æäº¤çš„bug4
2019-03-13 00:38:24 [wysh.selenium.testcase.TestLoginAndCommitBug] - [ main:76538 ] - [ INFO ] bugdetail is :è¿™æ˜¯user4æäº¤çš„bugè¯¦æƒ…4
2019-03-13 00:38:24 [wysh.selenium.util.TestngRetry] - [ main:76551 ] - [ INFO ] [TestResult name=testLogin status=FAILURE method=TestLoginAndCommitBug.testLogin(java.util.HashMap)[pri:0, instance:wysh.selenium.testcase.TestLoginAndCommitBug@458c1321] output={null}]
2019-03-13 00:38:24 [wysh.selenium.base.DriverBase] - [ main:76690 ] - [ INFO ] å¼€å§‹æˆªå›¾
2019-03-13 00:42:41 [wysh.selenium.base.SelectDriver] - [ main:0 ] - [ INFO ] start browser ï¼Œand browser is chrome !!!
2019-03-13 00:42:50 [wysh.selenium.testcase.TestLoginAndCommitBug] - [ main:9527 ] - [ INFO ] username is :admin
2019-03-13 00:42:50 [wysh.selenium.testcase.TestLoginAndCommitBug] - [ main:9528 ] - [ INFO ] password is :Aa1234
2019-03-13 00:42:50 [wysh.selenium.testcase.TestLoginAndCommitBug] - [ main:9529 ] - [ INFO ] bugtitle is :è¿™æ˜¯ç”±adminæäº¤çš„bug4
2019-03-13 00:42:50 [wysh.selenium.testcase.TestLoginAndCommitBug] - [ main:9532 ] - [ INFO ] bugdetail is :è¿™æ˜¯adminæäº¤çš„bugè¯¦æƒ…4
2019-03-13 00:42:50 [wysh.selenium.business.LoginPro] - [ main:9658 ] - [ INFO ] å¼€å§‹ç™»å½•æ“ä½œï¼ï¼ï¼
2019-03-13 00:42:56 [wysh.selenium.business.HomePagePro] - [ main:15375 ] - [ INFO ] æäº¤bugå¼€å§‹äº†!!!!
2019-03-13 00:43:13 [wysh.selenium.business.HomePagePro] - [ main:32820 ] - [ INFO ] bug before count is :14
2019-03-13 00:43:49 [wysh.selenium.business.HomePagePro] - [ main:68213 ] - [ INFO ] bug after count is :15
2019-03-13 00:44:00 [wysh.selenium.base.SelectDriver] - [ main:79259 ] - [ INFO ] start browser ï¼Œand browser is chrome !!!
2019-03-13 00:44:12 [wysh.selenium.testcase.TestLoginAndCommitBug] - [ main:91711 ] - [ INFO ] username is :admin1
2019-03-13 00:44:12 [wysh.selenium.testcase.TestLoginAndCommitBug] - [ main:91711 ] - [ INFO ] password is :Bb12345
2019-03-13 00:44:12 [wysh.selenium.testcase.TestLoginAndCommitBug] - [ main:91713 ] - [ INFO ] bugtitle is :è¿™æ˜¯ç”±admin1æäº¤çš„bug4
2019-03-13 00:44:12 [wysh.selenium.testcase.TestLoginAndCommitBug] - [ main:91713 ] - [ INFO ] bugdetail is :è¿™æ˜¯admin1æäº¤çš„bugè¯¦æƒ…4
2019-03-13 00:44:13 [wysh.selenium.business.LoginPro] - [ main:92039 ] - [ INFO ] å¼€å§‹ç™»å½•æ“ä½œï¼ï¼ï¼
2019-03-13 00:44:19 [wysh.selenium.business.HomePagePro] - [ main:98371 ] - [ INFO ] æäº¤bugå¼€å§‹äº†!!!!
2019-03-13 00:44:20 [wysh.selenium.util.TestngRetry] - [ main:99626 ] - [ INFO ] [TestResult name=testLogin status=FAILURE method=TestLoginAndCommitBug.testLogin(java.util.HashMap)[pri:0, instance:wysh.selenium.testcase.TestLoginAndCommitBug@458c1321] output={null}]
2019-03-13 00:44:20 [wysh.selenium.util.TestngRetry] - [ main:99634 ] - [ INFO ] é‡è¯•ç¬¬ï¼š1æ¬¡ï¼
2019-03-13 00:44:23 [wysh.selenium.base.SelectDriver] - [ main:102072 ] - [ INFO ] start browser ï¼Œand browser is chrome !!!
2019-03-13 00:44:35 [wysh.selenium.testcase.TestLoginAndCommitBug] - [ main:114695 ] - [ INFO ] username is :admin1
2019-03-13 00:44:35 [wysh.selenium.testcase.TestLoginAndCommitBug] - [ main:114695 ] - [ INFO ] password is :Bb12345
2019-03-13 00:44:35 [wysh.selenium.testcase.TestLoginAndCommitBug] - [ main:114695 ] - [ INFO ] bugtitle is :è¿™æ˜¯ç”±admin1æäº¤çš„bug4
2019-03-13 00:44:35 [wysh.selenium.testcase.TestLoginAndCommitBug] - [ main:114695 ] - [ INFO ] bugdetail is :è¿™æ˜¯admin1æäº¤çš„bugè¯¦æƒ…4
2019-03-13 00:44:36 [wysh.selenium.business.LoginPro] - [ main:115270 ] - [ INFO ] å¼€å§‹ç™»å½•æ“ä½œï¼ï¼ï¼
2019-03-13 00:44:44 [wysh.selenium.business.HomePagePro] - [ main:123284 ] - [ INFO ] æäº¤bugå¼€å§‹äº†!!!!
2019-03-13 00:44:45 [wysh.selenium.util.TestngRetry] - [ main:124314 ] - [ INFO ] [TestResult name=testLogin status=FAILURE method=TestLoginAndCommitBug.testLogin(java.util.HashMap)[pri:0, instance:wysh.selenium.testcase.TestLoginAndCommitBug@458c1321] output={null}]
2019-03-13 00:44:45 [wysh.selenium.util.TestngRetry] - [ main:124320 ] - [ INFO ] é‡è¯•ç¬¬ï¼š2æ¬¡ï¼
2019-03-13 00:44:48 [wysh.selenium.base.SelectDriver] - [ main:127148 ] - [ INFO ] start browser ï¼Œand browser is chrome !!!
2019-03-13 00:44:59 [wysh.selenium.testcase.TestLoginAndCommitBug] - [ main:137933 ] - [ INFO ] username is :admin1
2019-03-13 00:44:59 [wysh.selenium.testcase.TestLoginAndCommitBug] - [ main:137933 ] - [ INFO ] password is :Bb12345
2019-03-13 00:44:59 [wysh.selenium.testcase.TestLoginAndCommitBug] - [ main:137933 ] - [ INFO ] bugtitle is :è¿™æ˜¯ç”±admin1æäº¤çš„bug4
2019-03-13 00:44:59 [wysh.selenium.testcase.TestLoginAndCommitBug] - [ main:137934 ] - [ INFO ] bugdetail is :è¿™æ˜¯admin1æäº¤çš„bugè¯¦æƒ…4
2019-03-13 00:44:59 [wysh.selenium.business.LoginPro] - [ main:138181 ] - [ INFO ] å¼€å§‹ç™»å½•æ“ä½œï¼ï¼ï¼
2019-03-13 00:45:07 [wysh.selenium.business.HomePagePro] - [ main:145916 ] - [ INFO ] æäº¤bugå¼€å§‹äº†!!!!
2019-03-13 00:45:08 [wysh.selenium.util.TestngRetry] - [ main:146960 ] - [ INFO ] [TestResult name=testLogin status=FAILURE method=TestLoginAndCommitBug.testLogin(java.util.HashMap)[pri:0, instance:wysh.selenium.testcase.TestLoginAndCommitBug@458c1321] output={null}]
2019-03-13 00:45:08 [wysh.selenium.util.TestngRetry] - [ main:146961 ] - [ INFO ] é‡è¯•ç¬¬ï¼š3æ¬¡ï¼
2019-03-13 00:45:11 [wysh.selenium.base.SelectDriver] - [ main:149904 ] - [ INFO ] start browser ï¼Œand browser is chrome !!!
2019-03-13 00:45:16 [wysh.selenium.testcase.TestLoginAndCommitBug] - [ main:155103 ] - [ INFO ] username is :admin1
2019-03-13 00:45:16 [wysh.selenium.testcase.TestLoginAndCommitBug] - [ main:155103 ] - [ INFO ] password is :Bb12345
2019-03-13 00:45:16 [wysh.selenium.testcase.TestLoginAndCommitBug] - [ main:155103 ] - [ INFO ] bugtitle is :è¿™æ˜¯ç”±admin1æäº¤çš„bug4
2019-03-13 00:45:16 [wysh.selenium.testcase.TestLoginAndCommitBug] - [ main:155103 ] - [ INFO ] bugdetail is :è¿™æ˜¯admin1æäº¤çš„bugè¯¦æƒ…4
2019-03-13 00:45:16 [wysh.selenium.business.LoginPro] - [ main:155163 ] - [ INFO ] å¼€å§‹ç™»å½•æ“ä½œï¼ï¼ï¼
2019-03-13 00:45:20 [wysh.selenium.business.HomePagePro] - [ main:159131 ] - [ INFO ] æäº¤bugå¼€å§‹äº†!!!!
2019-03-13 00:45:21 [wysh.selenium.util.TestngRetry] - [ main:160150 ] - [ INFO ] [TestResult name=testLogin status=FAILURE method=TestLoginAndCommitBug.testLogin(java.util.HashMap)[pri:0, instance:wysh.selenium.testcase.TestLoginAndCommitBug@458c1321] output={null}]
2019-03-13 00:45:21 [wysh.selenium.base.DriverBase] - [ main:160174 ] - [ INFO ] å¼€å§‹æˆªå›¾
2019-03-13 00:45:23 [wysh.selenium.base.SelectDriver] - [ main:162490 ] - [ INFO ] start browser ï¼Œand browser is chrome !!!
2019-03-13 00:45:29 [wysh.selenium.testcase.TestLoginAndCommitBug] - [ main:168320 ] - [ INFO ] username is :user3
2019-03-13 00:45:29 [wysh.selenium.testcase.TestLoginAndCommitBug] - [ main:168320 ] - [ INFO ] password is :Cc1234
2019-03-13 00:45:29 [wysh.selenium.testcase.TestLoginAndCommitBug] - [ main:168320 ] - [ INFO ] bugtitle is :
2019-03-13 00:45:29 [wysh.selenium.testcase.TestLoginAndCommitBug] - [ main:168320 ] - [ INFO ] bugdetail is :è¿™æ˜¯user3æäº¤çš„bugè¯¦æƒ…3
2019-03-13 00:45:29 [wysh.selenium.business.LoginPro] - [ main:168370 ] - [ INFO ] å¼€å§‹ç™»å½•æ“ä½œï¼ï¼ï¼
2019-03-13 00:45:34 [wysh.selenium.business.HomePagePro] - [ main:173876 ] - [ INFO ] æäº¤bugå¼€å§‹äº†!!!!
2019-03-13 00:45:42 [wysh.selenium.business.HomePagePro] - [ main:181310 ] - [ INFO ] bug before count is :6
2019-03-13 00:46:07 [wysh.selenium.util.TestngRetry] - [ main:206318 ] - [ INFO ] [TestResult name=testLogin status=FAILURE method=TestLoginAndCommitBug.testLogin(java.util.HashMap)[pri:0, instance:wysh.selenium.testcase.TestLoginAndCommitBug@458c1321] output={null}]
2019-03-13 00:46:07 [wysh.selenium.base.DriverBase] - [ main:206325 ] - [ INFO ] å¼€å§‹æˆªå›¾
2019-03-13 00:46:07 [wysh.selenium.base.DriverBase] - [ main:206861 ] - [ INFO ] æˆªå›¾å®Œæˆ
2019-03-13 00:46:10 [wysh.selenium.base.SelectDriver] - [ main:209285 ] - [ INFO ] start browser ï¼Œand browser is chrome !!!
2019-03-13 00:46:16 [wysh.selenium.testcase.TestLoginAndCommitBug] - [ main:214977 ] - [ INFO ] username is :user3
2019-03-13 00:46:16 [wysh.selenium.testcase.TestLoginAndCommitBug] - [ main:214978 ] - [ INFO ] password is :Cc1234
2019-03-13 00:46:16 [wysh.selenium.testcase.TestLoginAndCommitBug] - [ main:214978 ] - [ INFO ] bugtitle is :
2019-03-13 00:46:16 [wysh.selenium.testcase.TestLoginAndCommitBug] - [ main:214978 ] - [ INFO ] bugdetail is :è¿™æ˜¯user3æäº¤çš„bugè¯¦æƒ…3
2019-03-13 00:46:16 [wysh.selenium.business.LoginPro] - [ main:215029 ] - [ INFO ] å¼€å§‹ç™»å½•æ“ä½œï¼ï¼ï¼
2019-03-13 00:46:20 [wysh.selenium.business.HomePagePro] - [ main:219762 ] - [ INFO ] æäº¤bugå¼€å§‹äº†!!!!
2019-03-13 00:46:27 [wysh.selenium.business.HomePagePro] - [ main:226856 ] - [ INFO ] bug before count is :6
2019-03-13 00:46:52 [wysh.selenium.util.TestngRetry] - [ main:251772 ] - [ INFO ] [TestResult name=testLogin status=FAILURE method=TestLoginAndCommitBug.testLogin(java.util.HashMap)[pri:0, instance:wysh.selenium.testcase.TestLoginAndCommitBug@458c1321] output={null}]
2019-03-13 00:46:52 [wysh.selenium.base.DriverBase] - [ main:251781 ] - [ INFO ] å¼€å§‹æˆªå›¾
2019-03-13 00:46:53 [wysh.selenium.base.DriverBase] - [ main:252082 ] - [ INFO ] æˆªå›¾å®Œæˆ
2019-03-13 00:46:55 [wysh.selenium.base.SelectDriver] - [ main:254437 ] - [ INFO ] start browser ï¼Œand browser is chrome !!!
2019-03-13 00:47:01 [wysh.selenium.testcase.TestLoginAndCommitBug] - [ main:260194 ] - [ INFO ] username is :user4
2019-03-13 00:47:01 [wysh.selenium.testcase.TestLoginAndCommitBug] - [ main:260194 ] - [ INFO ] password is :Dd1234
2019-03-13 00:47:01 [wysh.selenium.testcase.TestLoginAndCommitBug] - [ main:260194 ] - [ INFO ] bugtitle is :è¿™æ˜¯ç”±user4æäº¤çš„bug4
2019-03-13 00:47:01 [wysh.selenium.testcase.TestLoginAndCommitBug] - [ main:260194 ] - [ INFO ] bugdetail is :è¿™æ˜¯user4æäº¤çš„bugè¯¦æƒ…4
2019-03-13 00:47:01 [wysh.selenium.business.LoginPro] - [ main:260262 ] - [ INFO ] å¼€å§‹ç™»å½•æ“ä½œï¼ï¼ï¼
2019-03-13 00:47:06 [wysh.selenium.business.HomePagePro] - [ main:265287 ] - [ INFO ] æäº¤bugå¼€å§‹äº†!!!!
2019-03-13 00:47:13 [wysh.selenium.business.HomePagePro] - [ main:272552 ] - [ INFO ] bug before count is :9
2019-03-13 00:47:30 [wysh.selenium.business.HomePagePro] - [ main:289688 ] - [ INFO ] bug after count is :10
2019-03-13 21:09:52 [wysh.selenium.testcase.TestLoginAndCommitBug] - [ main:1 ] - [ INFO ] ³õÊ¼»¯ä¯ÀÀÆ÷£¬¿ªÊ¼Ò»´ÎĞÂµÄ test £¡£¡£¡
2019-03-13 21:09:52 [wysh.selenium.base.SelectDriver] - [ main:71 ] - [ INFO ] start browser £¬and browser is chrome !!!
2019-03-13 21:10:44 [wysh.selenium.testcase.TestLoginAndCommitBug] - [ main:52286 ] - [ INFO ] ¶ÁÈ¡µÄ ExcelÊı¾İĞÅÏ¢Îª£º{password=Aa1234, bugdetail=ÕâÊÇadminÌá½»µÄbugÏêÇé4, bugtitle=ÕâÊÇÓÉadminÌá½»µÄbug4, username=admin}
2019-03-13 21:10:44 [wysh.selenium.testcase.TestLoginAndCommitBug] - [ main:52287 ] - [ INFO ] µÇÂ¼ÓÃ»§ÃûÊÇ :admin
2019-03-13 21:10:44 [wysh.selenium.testcase.TestLoginAndCommitBug] - [ main:52298 ] - [ INFO ] µÇÂ¼ÃÜÂëÊÇ  :Aa1234
2019-03-13 21:10:44 [wysh.selenium.testcase.TestLoginAndCommitBug] - [ main:52299 ] - [ INFO ] BugµÄ±êÌâÊÇ :ÕâÊÇÓÉadminÌá½»µÄbug4
2019-03-13 21:10:44 [wysh.selenium.testcase.TestLoginAndCommitBug] - [ main:52300 ] - [ INFO ] BugµÄÏêÏ¸ĞÅÏ¢ÊÇ :ÕâÊÇadminÌá½»µÄbugÏêÇé4
2019-03-13 21:10:45 [wysh.selenium.business.LoginPro] - [ main:52692 ] - [ INFO ] ¿ªÊ¼µÇÂ¼²Ù×÷£¡£¡£¡
2019-03-13 21:11:05 [wysh.selenium.business.HomePagePro] - [ main:72488 ] - [ INFO ] Ìá½»bug¿ªÊ¼ÁË!!!!
2019-03-13 21:11:18 [wysh.selenium.business.HomePagePro] - [ main:85847 ] - [ INFO ] bug before count is :16
2019-03-13 21:11:46 [wysh.selenium.business.HomePagePro] - [ main:113572 ] - [ INFO ] bug after count is :17
2019-03-13 21:11:54 [wysh.selenium.testcase.TestLoginAndCommitBug] - [ main:122251 ] - [ INFO ] ¹Ø±Õä¯ÀÀÆ÷£¬±¾´Î test ½áÊø £¡£¡£¡
2019-03-13 21:11:56 [wysh.selenium.testcase.TestLoginAndCommitBug] - [ main:123315 ] - [ INFO ] ³õÊ¼»¯ä¯ÀÀÆ÷£¬¿ªÊ¼Ò»´ÎĞÂµÄ test £¡£¡£¡
2019-03-13 21:11:56 [wysh.selenium.base.SelectDriver] - [ main:123329 ] - [ INFO ] start browser £¬and browser is chrome !!!
2019-03-13 21:12:06 [wysh.selenium.testcase.TestLoginAndCommitBug] - [ main:133415 ] - [ INFO ] ¶ÁÈ¡µÄ ExcelÊı¾İĞÅÏ¢Îª£º{password=Bb12345, bugdetail=ÕâÊÇadmin1Ìá½»µÄbugÏêÇé4, bugtitle=ÕâÊÇÓÉadmin1Ìá½»µÄbug4, username=admin1}
2019-03-13 21:12:06 [wysh.selenium.testcase.TestLoginAndCommitBug] - [ main:133429 ] - [ INFO ] µÇÂ¼ÓÃ»§ÃûÊÇ :admin1
2019-03-13 21:12:06 [wysh.selenium.testcase.TestLoginAndCommitBug] - [ main:133432 ] - [ INFO ] µÇÂ¼ÃÜÂëÊÇ  :Bb12345
2019-03-13 21:12:06 [wysh.selenium.testcase.TestLoginAndCommitBug] - [ main:133433 ] - [ INFO ] BugµÄ±êÌâÊÇ :ÕâÊÇÓÉadmin1Ìá½»µÄbug4
2019-03-13 21:12:06 [wysh.selenium.testcase.TestLoginAndCommitBug] - [ main:133440 ] - [ INFO ] BugµÄÏêÏ¸ĞÅÏ¢ÊÇ :ÕâÊÇadmin1Ìá½»µÄbugÏêÇé4
2019-03-13 21:12:06 [wysh.selenium.business.LoginPro] - [ main:133668 ] - [ INFO ] ¿ªÊ¼µÇÂ¼²Ù×÷£¡£¡£¡
2019-03-13 21:12:16 [wysh.selenium.business.HomePagePro] - [ main:143683 ] - [ INFO ] Ìá½»bug¿ªÊ¼ÁË!!!!
2019-03-13 21:12:27 [wysh.selenium.util.TestngRetry] - [ main:154743 ] - [ INFO ] [TestResult name=testLogin status=FAILURE method=TestLoginAndCommitBug.testLogin(java.util.HashMap)[pri:0, instance:wysh.selenium.testcase.TestLoginAndCommitBug@20322d26] output={null}]
2019-03-13 21:12:27 [wysh.selenium.util.TestngRetry] - [ main:154744 ] - [ INFO ] ÖØÊÔµÚ£º1´Î£¡
2019-03-13 21:12:27 [wysh.selenium.testcase.TestLoginAndCommitBug] - [ main:154745 ] - [ INFO ] ¹Ø±Õä¯ÀÀÆ÷£¬±¾´Î test ½áÊø £¡£¡£¡
2019-03-13 21:12:28 [wysh.selenium.testcase.TestLoginAndCommitBug] - [ main:155314 ] - [ INFO ] ³õÊ¼»¯ä¯ÀÀÆ÷£¬¿ªÊ¼Ò»´ÎĞÂµÄ test £¡£¡£¡
2019-03-13 21:12:28 [wysh.selenium.base.SelectDriver] - [ main:155341 ] - [ INFO ] start browser £¬and browser is chrome !!!
2019-03-13 21:12:39 [wysh.selenium.testcase.TestLoginAndCommitBug] - [ main:167208 ] - [ INFO ] ¶ÁÈ¡µÄ ExcelÊı¾İĞÅÏ¢Îª£º{password=Bb12345, bugdetail=ÕâÊÇadmin1Ìá½»µÄbugÏêÇé4, bugtitle=ÕâÊÇÓÉadmin1Ìá½»µÄbug4, username=admin1}
2019-03-13 21:12:39 [wysh.selenium.testcase.TestLoginAndCommitBug] - [ main:167210 ] - [ INFO ] µÇÂ¼ÓÃ»§ÃûÊÇ :admin1
2019-03-13 21:12:39 [wysh.selenium.testcase.TestLoginAndCommitBug] - [ main:167210 ] - [ INFO ] µÇÂ¼ÃÜÂëÊÇ  :Bb12345
2019-03-13 21:12:39 [wysh.selenium.testcase.TestLoginAndCommitBug] - [ main:167211 ] - [ INFO ] BugµÄ±êÌâÊÇ :ÕâÊÇÓÉadmin1Ìá½»µÄbug4
2019-03-13 21:12:39 [wysh.selenium.testcase.TestLoginAndCommitBug] - [ main:167211 ] - [ INFO ] BugµÄÏêÏ¸ĞÅÏ¢ÊÇ :ÕâÊÇadmin1Ìá½»µÄbugÏêÇé4
2019-03-13 21:12:40 [wysh.selenium.business.LoginPro] - [ main:167368 ] - [ INFO ] ¿ªÊ¼µÇÂ¼²Ù×÷£¡£¡£¡
2019-03-13 21:12:46 [wysh.selenium.business.HomePagePro] - [ main:173552 ] - [ INFO ] Ìá½»bug¿ªÊ¼ÁË!!!!
2019-03-13 21:12:57 [wysh.selenium.util.TestngRetry] - [ main:184619 ] - [ INFO ] [TestResult name=testLogin status=FAILURE method=TestLoginAndCommitBug.testLogin(java.util.HashMap)[pri:0, instance:wysh.selenium.testcase.TestLoginAndCommitBug@20322d26] output={null}]
2019-03-13 21:12:57 [wysh.selenium.util.TestngRetry] - [ main:184619 ] - [ INFO ] ÖØÊÔµÚ£º2´Î£¡
2019-03-13 21:12:57 [wysh.selenium.testcase.TestLoginAndCommitBug] - [ main:184620 ] - [ INFO ] ¹Ø±Õä¯ÀÀÆ÷£¬±¾´Î test ½áÊø £¡£¡£¡
2019-03-13 21:12:57 [wysh.selenium.testcase.TestLoginAndCommitBug] - [ main:185169 ] - [ INFO ] ³õÊ¼»¯ä¯ÀÀÆ÷£¬¿ªÊ¼Ò»´ÎĞÂµÄ test £¡£¡£¡
2019-03-13 21:12:57 [wysh.selenium.base.SelectDriver] - [ main:185175 ] - [ INFO ] start browser £¬and browser is chrome !!!
2019-03-13 21:13:08 [wysh.selenium.testcase.TestLoginAndCommitBug] - [ main:196238 ] - [ INFO ] ¶ÁÈ¡µÄ ExcelÊı¾İĞÅÏ¢Îª£º{password=Bb12345, bugdetail=ÕâÊÇadmin1Ìá½»µÄbugÏêÇé4, bugtitle=ÕâÊÇÓÉadmin1Ìá½»µÄbug4, username=admin1}
2019-03-13 21:13:08 [wysh.selenium.testcase.TestLoginAndCommitBug] - [ main:196240 ] - [ INFO ] µÇÂ¼ÓÃ»§ÃûÊÇ :admin1
2019-03-13 21:13:08 [wysh.selenium.testcase.TestLoginAndCommitBug] - [ main:196240 ] - [ INFO ] µÇÂ¼ÃÜÂëÊÇ  :Bb12345
2019-03-13 21:13:08 [wysh.selenium.testcase.TestLoginAndCommitBug] - [ main:196240 ] - [ INFO ] BugµÄ±êÌâÊÇ :ÕâÊÇÓÉadmin1Ìá½»µÄbug4
2019-03-13 21:13:08 [wysh.selenium.testcase.TestLoginAndCommitBug] - [ main:196245 ] - [ INFO ] BugµÄÏêÏ¸ĞÅÏ¢ÊÇ :ÕâÊÇadmin1Ìá½»µÄbugÏêÇé4
2019-03-13 21:13:09 [wysh.selenium.business.LoginPro] - [ main:196396 ] - [ INFO ] ¿ªÊ¼µÇÂ¼²Ù×÷£¡£¡£¡
2019-03-13 21:13:18 [wysh.selenium.business.HomePagePro] - [ main:206004 ] - [ INFO ] Ìá½»bug¿ªÊ¼ÁË!!!!
2019-03-13 21:13:30 [wysh.selenium.util.TestngRetry] - [ main:217427 ] - [ INFO ] [TestResult name=testLogin status=FAILURE method=TestLoginAndCommitBug.testLogin(java.util.HashMap)[pri:0, instance:wysh.selenium.testcase.TestLoginAndCommitBug@20322d26] output={null}]
2019-03-13 21:13:30 [wysh.selenium.base.DriverBase] - [ main:217442 ] - [ INFO ] ¿ªÊ¼½ØÍ¼
2019-03-13 21:13:31 [wysh.selenium.base.DriverBase] - [ main:218638 ] - [ INFO ] ½ØÍ¼Íê³É
2019-03-13 21:13:31 [wysh.selenium.testcase.TestLoginAndCommitBug] - [ main:218639 ] - [ INFO ] ¹Ø±Õä¯ÀÀÆ÷£¬±¾´Î test ½áÊø £¡£¡£¡
2019-03-13 21:13:34 [wysh.selenium.testcase.TestLoginAndCommitBug] - [ main:221443 ] - [ INFO ] ³õÊ¼»¯ä¯ÀÀÆ÷£¬¿ªÊ¼Ò»´ÎĞÂµÄ test £¡£¡£¡
2019-03-13 21:13:34 [wysh.selenium.base.SelectDriver] - [ main:221449 ] - [ INFO ] start browser £¬and browser is chrome !!!
2019-03-13 21:13:41 [wysh.selenium.testcase.TestLoginAndCommitBug] - [ main:228921 ] - [ INFO ] ¶ÁÈ¡µÄ ExcelÊı¾İĞÅÏ¢Îª£º{password=Cc1234, bugdetail=ÕâÊÇuser3Ìá½»µÄbugÏêÇé3, bugtitle=, username=user3}
2019-03-13 21:13:41 [wysh.selenium.testcase.TestLoginAndCommitBug] - [ main:228922 ] - [ INFO ] µÇÂ¼ÓÃ»§ÃûÊÇ :user3
2019-03-13 21:13:41 [wysh.selenium.testcase.TestLoginAndCommitBug] - [ main:228922 ] - [ INFO ] µÇÂ¼ÃÜÂëÊÇ  :Cc1234
2019-03-13 21:13:41 [wysh.selenium.testcase.TestLoginAndCommitBug] - [ main:228922 ] - [ INFO ] BugµÄ±êÌâÊÇ :
2019-03-13 21:13:41 [wysh.selenium.testcase.TestLoginAndCommitBug] - [ main:228923 ] - [ INFO ] BugµÄÏêÏ¸ĞÅÏ¢ÊÇ :ÕâÊÇuser3Ìá½»µÄbugÏêÇé3
2019-03-13 21:13:41 [wysh.selenium.business.LoginPro] - [ main:229039 ] - [ INFO ] ¿ªÊ¼µÇÂ¼²Ù×÷£¡£¡£¡
2019-03-13 21:13:46 [wysh.selenium.business.HomePagePro] - [ main:234129 ] - [ INFO ] Ìá½»bug¿ªÊ¼ÁË!!!!
2019-03-13 21:13:54 [wysh.selenium.business.HomePagePro] - [ main:241396 ] - [ INFO ] bug before count is :7
2019-03-13 21:14:20 [wysh.selenium.util.TestngRetry] - [ main:267523 ] - [ INFO ] [TestResult name=testLogin status=FAILURE method=TestLoginAndCommitBug.testLogin(java.util.HashMap)[pri:0, instance:wysh.selenium.testcase.TestLoginAndCommitBug@20322d26] output={null}]
2019-03-13 21:14:20 [wysh.selenium.base.DriverBase] - [ main:267535 ] - [ INFO ] ¿ªÊ¼½ØÍ¼
2019-03-13 21:14:20 [wysh.selenium.base.DriverBase] - [ main:267974 ] - [ INFO ] ½ØÍ¼Íê³É
2019-03-13 21:14:20 [wysh.selenium.testcase.TestLoginAndCommitBug] - [ main:267975 ] - [ INFO ] ¹Ø±Õä¯ÀÀÆ÷£¬±¾´Î test ½áÊø £¡£¡£¡
2019-03-13 21:14:21 [wysh.selenium.testcase.TestLoginAndCommitBug] - [ main:268403 ] - [ INFO ] ³õÊ¼»¯ä¯ÀÀÆ÷£¬¿ªÊ¼Ò»´ÎĞÂµÄ test £¡£¡£¡
2019-03-13 21:14:21 [wysh.selenium.base.SelectDriver] - [ main:268406 ] - [ INFO ] start browser £¬and browser is chrome !!!
2019-03-13 21:14:27 [wysh.selenium.testcase.TestLoginAndCommitBug] - [ main:274626 ] - [ INFO ] ¶ÁÈ¡µÄ ExcelÊı¾İĞÅÏ¢Îª£º{password=Cc1234, bugdetail=ÕâÊÇuser3Ìá½»µÄbugÏêÇé3, bugtitle=, username=user3}
2019-03-13 21:14:27 [wysh.selenium.testcase.TestLoginAndCommitBug] - [ main:274626 ] - [ INFO ] µÇÂ¼ÓÃ»§ÃûÊÇ :user3
2019-03-13 21:14:27 [wysh.selenium.testcase.TestLoginAndCommitBug] - [ main:274627 ] - [ INFO ] µÇÂ¼ÃÜÂëÊÇ  :Cc1234
2019-03-13 21:14:27 [wysh.selenium.testcase.TestLoginAndCommitBug] - [ main:274628 ] - [ INFO ] BugµÄ±êÌâÊÇ :
2019-03-13 21:14:27 [wysh.selenium.testcase.TestLoginAndCommitBug] - [ main:274628 ] - [ INFO ] BugµÄÏêÏ¸ĞÅÏ¢ÊÇ :ÕâÊÇuser3Ìá½»µÄbugÏêÇé3
2019-03-13 21:14:27 [wysh.selenium.business.LoginPro] - [ main:274672 ] - [ INFO ] ¿ªÊ¼µÇÂ¼²Ù×÷£¡£¡£¡
2019-03-13 21:14:32 [wysh.selenium.business.HomePagePro] - [ main:279600 ] - [ INFO ] Ìá½»bug¿ªÊ¼ÁË!!!!
2019-03-13 21:14:40 [wysh.selenium.business.HomePagePro] - [ main:288207 ] - [ INFO ] bug before count is :7
2019-03-13 21:15:06 [wysh.selenium.util.TestngRetry] - [ main:313458 ] - [ INFO ] [TestResult name=testLogin status=FAILURE method=TestLoginAndCommitBug.testLogin(java.util.HashMap)[pri:0, instance:wysh.selenium.testcase.TestLoginAndCommitBug@20322d26] output={null}]
2019-03-13 21:15:06 [wysh.selenium.base.DriverBase] - [ main:313461 ] - [ INFO ] ¿ªÊ¼½ØÍ¼
2019-03-13 21:15:06 [wysh.selenium.base.DriverBase] - [ main:313727 ] - [ INFO ] ½ØÍ¼Íê³É
2019-03-13 21:15:06 [wysh.selenium.testcase.TestLoginAndCommitBug] - [ main:313727 ] - [ INFO ] ¹Ø±Õä¯ÀÀÆ÷£¬±¾´Î test ½áÊø £¡£¡£¡
2019-03-13 21:15:06 [wysh.selenium.testcase.TestLoginAndCommitBug] - [ main:313959 ] - [ INFO ] ³õÊ¼»¯ä¯ÀÀÆ÷£¬¿ªÊ¼Ò»´ÎĞÂµÄ test £¡£¡£¡
2019-03-13 21:15:06 [wysh.selenium.base.SelectDriver] - [ main:313981 ] - [ INFO ] start browser £¬and browser is chrome !!!
2019-03-13 21:15:13 [wysh.selenium.testcase.TestLoginAndCommitBug] - [ main:320626 ] - [ INFO ] ¶ÁÈ¡µÄ ExcelÊı¾İĞÅÏ¢Îª£º{password=Dd1234, bugdetail=ÕâÊÇuser4Ìá½»µÄbugÏêÇé4, bugtitle=ÕâÊÇÓÉuser4Ìá½»µÄbug4, username=user4}
2019-03-13 21:15:13 [wysh.selenium.testcase.TestLoginAndCommitBug] - [ main:320628 ] - [ INFO ] µÇÂ¼ÓÃ»§ÃûÊÇ :user4
2019-03-13 21:15:13 [wysh.selenium.testcase.TestLoginAndCommitBug] - [ main:320628 ] - [ INFO ] µÇÂ¼ÃÜÂëÊÇ  :Dd1234
2019-03-13 21:15:13 [wysh.selenium.testcase.TestLoginAndCommitBug] - [ main:320628 ] - [ INFO ] BugµÄ±êÌâÊÇ :ÕâÊÇÓÉuser4Ìá½»µÄbug4
2019-03-13 21:15:13 [wysh.selenium.testcase.TestLoginAndCommitBug] - [ main:320629 ] - [ INFO ] BugµÄÏêÏ¸ĞÅÏ¢ÊÇ :ÕâÊÇuser4Ìá½»µÄbugÏêÇé4
2019-03-13 21:15:13 [wysh.selenium.business.LoginPro] - [ main:320717 ] - [ INFO ] ¿ªÊ¼µÇÂ¼²Ù×÷£¡£¡£¡
2019-03-13 21:15:18 [wysh.selenium.business.HomePagePro] - [ main:326071 ] - [ INFO ] Ìá½»bug¿ªÊ¼ÁË!!!!
2019-03-13 21:15:26 [wysh.selenium.business.HomePagePro] - [ main:333965 ] - [ INFO ] bug before count is :11
2019-03-13 21:15:44 [wysh.selenium.business.HomePagePro] - [ main:351610 ] - [ INFO ] bug after count is :12
2019-03-13 21:15:51 [wysh.selenium.testcase.TestLoginAndCommitBug] - [ main:358543 ] - [ INFO ] ¹Ø±Õä¯ÀÀÆ÷£¬±¾´Î test ½áÊø £¡£¡£¡
2019-03-13 21:56:39 [wysh.selenium.testcase.TestLoginAndCommitBug] - [ main:0 ] - [ INFO ] ³õÊ¼»¯ä¯ÀÀÆ÷£¬¿ªÊ¼Ò»´ÎĞÂµÄ test £¡£¡£¡
2019-03-13 21:56:39 [wysh.selenium.base.SelectDriver] - [ main:49 ] - [ INFO ] start browser £¬and browser is chrome !!!
2019-03-13 21:57:04 [wysh.selenium.testcase.TestLoginAndCommitBug] - [ main:25317 ] - [ INFO ] ¶ÁÈ¡µÄ ExcelÊı¾İĞÅÏ¢Îª£º{password=Aa1234, bugdetail=ÕâÊÇadminÌá½»µÄbugÏêÇé4, bugtitle=ÕâÊÇÓÉadminÌá½»µÄbug4, username=admin}
2019-03-13 21:57:04 [wysh.selenium.testcase.TestLoginAndCommitBug] - [ main:25318 ] - [ INFO ] µÇÂ¼ÓÃ»§ÃûÊÇ :admin
2019-03-13 21:57:04 [wysh.selenium.testcase.TestLoginAndCommitBug] - [ main:25325 ] - [ INFO ] µÇÂ¼ÃÜÂëÊÇ  :Aa1234
2019-03-13 21:57:04 [wysh.selenium.testcase.TestLoginAndCommitBug] - [ main:25327 ] - [ INFO ] BugµÄ±êÌâÊÇ :ÕâÊÇÓÉadminÌá½»µÄbug4
2019-03-13 21:57:04 [wysh.selenium.testcase.TestLoginAndCommitBug] - [ main:25328 ] - [ INFO ] BugµÄÏêÏ¸ĞÅÏ¢ÊÇ :ÕâÊÇadminÌá½»µÄbugÏêÇé4
2019-03-13 21:57:05 [wysh.selenium.business.LoginPro] - [ main:25658 ] - [ INFO ] ¿ªÊ¼µÇÂ¼²Ù×÷£¡£¡£¡
2019-03-13 21:57:16 [wysh.selenium.business.HomePagePro] - [ main:37364 ] - [ INFO ] Ìá½»bug¿ªÊ¼ÁË!!!!
2019-03-13 21:57:28 [wysh.selenium.business.HomePagePro] - [ main:48668 ] - [ INFO ] bug before count is :19
2019-03-13 21:57:50 [wysh.selenium.business.HomePagePro] - [ main:71586 ] - [ INFO ] bug after count is :20
2019-03-13 21:57:58 [wysh.selenium.testcase.TestLoginAndCommitBug] - [ main:79152 ] - [ INFO ] ¹Ø±Õä¯ÀÀÆ÷£¬±¾´Î test ½áÊø £¡£¡£¡
2019-03-13 21:58:00 [wysh.selenium.testcase.TestLoginAndCommitBug] - [ main:81500 ] - [ INFO ] ³õÊ¼»¯ä¯ÀÀÆ÷£¬¿ªÊ¼Ò»´ÎĞÂµÄ test £¡£¡£¡
2019-03-13 21:58:00 [wysh.selenium.base.SelectDriver] - [ main:81520 ] - [ INFO ] start browser £¬and browser is chrome !!!
2019-03-13 21:58:09 [wysh.selenium.testcase.TestLoginAndCommitBug] - [ main:89854 ] - [ INFO ] ¶ÁÈ¡µÄ ExcelÊı¾İĞÅÏ¢Îª£º{password=Bb12345, bugdetail=ÕâÊÇadmin1Ìá½»µÄbugÏêÇé4, bugtitle=ÕâÊÇÓÉadmin1Ìá½»µÄbug4, username=admin1}
2019-03-13 21:58:09 [wysh.selenium.testcase.TestLoginAndCommitBug] - [ main:89865 ] - [ INFO ] µÇÂ¼ÓÃ»§ÃûÊÇ :admin1
2019-03-13 21:58:09 [wysh.selenium.testcase.TestLoginAndCommitBug] - [ main:89867 ] - [ INFO ] µÇÂ¼ÃÜÂëÊÇ  :Bb12345
2019-03-13 21:58:09 [wysh.selenium.testcase.TestLoginAndCommitBug] - [ main:89868 ] - [ INFO ] BugµÄ±êÌâÊÇ :ÕâÊÇÓÉadmin1Ìá½»µÄbug4
2019-03-13 21:58:09 [wysh.selenium.testcase.TestLoginAndCommitBug] - [ main:89873 ] - [ INFO ] BugµÄÏêÏ¸ĞÅÏ¢ÊÇ :ÕâÊÇadmin1Ìá½»µÄbugÏêÇé4
2019-03-13 21:58:09 [wysh.selenium.business.LoginPro] - [ main:90053 ] - [ INFO ] ¿ªÊ¼µÇÂ¼²Ù×÷£¡£¡£¡
2019-03-13 21:58:16 [wysh.selenium.business.HomePagePro] - [ main:97010 ] - [ INFO ] Ìá½»bug¿ªÊ¼ÁË!!!!
2019-03-13 21:58:27 [wysh.selenium.util.TestngRetry] - [ main:108357 ] - [ INFO ] [TestResult name=testLogin status=FAILURE method=TestLoginAndCommitBug.testLogin(java.util.HashMap)[pri:0, instance:wysh.selenium.testcase.TestLoginAndCommitBug@20322d26] output={null}]
2019-03-13 21:58:27 [wysh.selenium.util.TestngRetry] - [ main:108357 ] - [ INFO ] ÖØÊÔµÚ£º1´Î£¡
2019-03-13 21:58:27 [wysh.selenium.testcase.TestLoginAndCommitBug] - [ main:108358 ] - [ INFO ] ¹Ø±Õä¯ÀÀÆ÷£¬±¾´Î test ½áÊø £¡£¡£¡
2019-03-13 21:58:32 [wysh.selenium.testcase.TestLoginAndCommitBug] - [ main:113338 ] - [ INFO ] ³õÊ¼»¯ä¯ÀÀÆ÷£¬¿ªÊ¼Ò»´ÎĞÂµÄ test £¡£¡£¡
2019-03-13 21:58:32 [wysh.selenium.base.SelectDriver] - [ main:113361 ] - [ INFO ] start browser £¬and browser is chrome !!!
2019-03-13 21:58:39 [wysh.selenium.testcase.TestLoginAndCommitBug] - [ main:119946 ] - [ INFO ] ¶ÁÈ¡µÄ ExcelÊı¾İĞÅÏ¢Îª£º{password=Bb12345, bugdetail=ÕâÊÇadmin1Ìá½»µÄbugÏêÇé4, bugtitle=ÕâÊÇÓÉadmin1Ìá½»µÄbug4, username=admin1}
2019-03-13 21:58:39 [wysh.selenium.testcase.TestLoginAndCommitBug] - [ main:119948 ] - [ INFO ] µÇÂ¼ÓÃ»§ÃûÊÇ :admin1
2019-03-13 21:58:39 [wysh.selenium.testcase.TestLoginAndCommitBug] - [ main:119958 ] - [ INFO ] µÇÂ¼ÃÜÂëÊÇ  :Bb12345
2019-03-13 21:58:39 [wysh.selenium.testcase.TestLoginAndCommitBug] - [ main:119959 ] - [ INFO ] BugµÄ±êÌâÊÇ :ÕâÊÇÓÉadmin1Ìá½»µÄbug4
2019-03-13 21:58:39 [wysh.selenium.testcase.TestLoginAndCommitBug] - [ main:119959 ] - [ INFO ] BugµÄÏêÏ¸ĞÅÏ¢ÊÇ :ÕâÊÇadmin1Ìá½»µÄbugÏêÇé4
2019-03-13 21:58:39 [wysh.selenium.business.LoginPro] - [ main:120124 ] - [ INFO ] ¿ªÊ¼µÇÂ¼²Ù×÷£¡£¡£¡
2019-03-13 21:58:45 [wysh.selenium.business.HomePagePro] - [ main:126018 ] - [ INFO ] Ìá½»bug¿ªÊ¼ÁË!!!!
2019-03-13 21:58:56 [wysh.selenium.util.TestngRetry] - [ main:137182 ] - [ INFO ] [TestResult name=testLogin status=FAILURE method=TestLoginAndCommitBug.testLogin(java.util.HashMap)[pri:0, instance:wysh.selenium.testcase.TestLoginAndCommitBug@20322d26] output={null}]
2019-03-13 21:58:56 [wysh.selenium.util.TestngRetry] - [ main:137182 ] - [ INFO ] ÖØÊÔµÚ£º2´Î£¡
2019-03-13 21:58:56 [wysh.selenium.testcase.TestLoginAndCommitBug] - [ main:137183 ] - [ INFO ] ¹Ø±Õä¯ÀÀÆ÷£¬±¾´Î test ½áÊø £¡£¡£¡
2019-03-13 21:58:58 [wysh.selenium.testcase.TestLoginAndCommitBug] - [ main:139605 ] - [ INFO ] ³õÊ¼»¯ä¯ÀÀÆ÷£¬¿ªÊ¼Ò»´ÎĞÂµÄ test £¡£¡£¡
2019-03-13 21:58:58 [wysh.selenium.base.SelectDriver] - [ main:139609 ] - [ INFO ] start browser £¬and browser is chrome !!!
2019-03-13 21:59:08 [wysh.selenium.testcase.TestLoginAndCommitBug] - [ main:148903 ] - [ INFO ] ¶ÁÈ¡µÄ ExcelÊı¾İĞÅÏ¢Îª£º{password=Bb12345, bugdetail=ÕâÊÇadmin1Ìá½»µÄbugÏêÇé4, bugtitle=ÕâÊÇÓÉadmin1Ìá½»µÄbug4, username=admin1}
2019-03-13 21:59:08 [wysh.selenium.testcase.TestLoginAndCommitBug] - [ main:148904 ] - [ INFO ] µÇÂ¼ÓÃ»§ÃûÊÇ :admin1
2019-03-13 21:59:08 [wysh.selenium.testcase.TestLoginAndCommitBug] - [ main:148904 ] - [ INFO ] µÇÂ¼ÃÜÂëÊÇ  :Bb12345
2019-03-13 21:59:08 [wysh.selenium.testcase.TestLoginAndCommitBug] - [ main:148904 ] - [ INFO ] BugµÄ±êÌâÊÇ :ÕâÊÇÓÉadmin1Ìá½»µÄbug4
2019-03-13 21:59:08 [wysh.selenium.testcase.TestLoginAndCommitBug] - [ main:148904 ] - [ INFO ] BugµÄÏêÏ¸ĞÅÏ¢ÊÇ :ÕâÊÇadmin1Ìá½»µÄbugÏêÇé4
2019-03-13 21:59:08 [wysh.selenium.business.LoginPro] - [ main:149013 ] - [ INFO ] ¿ªÊ¼µÇÂ¼²Ù×÷£¡£¡£¡
2019-03-13 21:59:14 [wysh.selenium.business.HomePagePro] - [ main:154853 ] - [ INFO ] Ìá½»bug¿ªÊ¼ÁË!!!!
2019-03-13 21:59:25 [wysh.selenium.util.TestngRetry] - [ main:165990 ] - [ INFO ] [TestResult name=testLogin status=FAILURE method=TestLoginAndCommitBug.testLogin(java.util.HashMap)[pri:0, instance:wysh.selenium.testcase.TestLoginAndCommitBug@20322d26] output={null}]
2019-03-13 21:59:25 [wysh.selenium.base.DriverBase] - [ main:166006 ] - [ INFO ] ¿ªÊ¼½ØÍ¼
2019-03-13 21:59:26 [wysh.selenium.base.DriverBase] - [ main:166650 ] - [ INFO ] ½ØÍ¼Íê³É
2019-03-13 21:59:26 [wysh.selenium.testcase.TestLoginAndCommitBug] - [ main:166651 ] - [ INFO ] ¹Ø±Õä¯ÀÀÆ÷£¬±¾´Î test ½áÊø £¡£¡£¡
2019-03-13 21:59:28 [wysh.selenium.testcase.TestLoginAndCommitBug] - [ main:169100 ] - [ INFO ] ³õÊ¼»¯ä¯ÀÀÆ÷£¬¿ªÊ¼Ò»´ÎĞÂµÄ test £¡£¡£¡
2019-03-13 21:59:28 [wysh.selenium.base.SelectDriver] - [ main:169104 ] - [ INFO ] start browser £¬and browser is chrome !!!
2019-03-13 21:59:34 [wysh.selenium.testcase.TestLoginAndCommitBug] - [ main:174700 ] - [ INFO ] ¶ÁÈ¡µÄ ExcelÊı¾İĞÅÏ¢Îª£º{password=Cc1234, bugdetail=ÕâÊÇuser3Ìá½»µÄbugÏêÇé3, bugtitle=, username=user3}
2019-03-13 21:59:34 [wysh.selenium.testcase.TestLoginAndCommitBug] - [ main:174700 ] - [ INFO ] µÇÂ¼ÓÃ»§ÃûÊÇ :user3
2019-03-13 21:59:34 [wysh.selenium.testcase.TestLoginAndCommitBug] - [ main:174700 ] - [ INFO ] µÇÂ¼ÃÜÂëÊÇ  :Cc1234
2019-03-13 21:59:34 [wysh.selenium.testcase.TestLoginAndCommitBug] - [ main:174701 ] - [ INFO ] BugµÄ±êÌâÊÇ :
2019-03-13 21:59:34 [wysh.selenium.testcase.TestLoginAndCommitBug] - [ main:174701 ] - [ INFO ] BugµÄÏêÏ¸ĞÅÏ¢ÊÇ :ÕâÊÇuser3Ìá½»µÄbugÏêÇé3
2019-03-13 21:59:34 [wysh.selenium.business.LoginPro] - [ main:175474 ] - [ INFO ] ¿ªÊ¼µÇÂ¼²Ù×÷£¡£¡£¡
2019-03-13 21:59:44 [wysh.selenium.business.HomePagePro] - [ main:184916 ] - [ INFO ] Ìá½»bug¿ªÊ¼ÁË!!!!
2019-03-13 21:59:53 [wysh.selenium.business.HomePagePro] - [ main:194339 ] - [ INFO ] bug before count is :9
2019-03-13 22:00:27 [wysh.selenium.util.TestngRetry] - [ main:227724 ] - [ INFO ] [TestResult name=testLogin status=FAILURE method=TestLoginAndCommitBug.testLogin(java.util.HashMap)[pri:0, instance:wysh.selenium.testcase.TestLoginAndCommitBug@20322d26] output={null}]
2019-03-13 22:00:27 [wysh.selenium.base.DriverBase] - [ main:227734 ] - [ INFO ] ¿ªÊ¼½ØÍ¼
2019-03-13 22:00:27 [wysh.selenium.base.DriverBase] - [ main:228190 ] - [ INFO ] ½ØÍ¼Íê³É
2019-03-13 22:00:27 [wysh.selenium.testcase.TestLoginAndCommitBug] - [ main:228191 ] - [ INFO ] ¹Ø±Õä¯ÀÀÆ÷£¬±¾´Î test ½áÊø £¡£¡£¡
2019-03-13 22:00:29 [wysh.selenium.testcase.TestLoginAndCommitBug] - [ main:230608 ] - [ INFO ] ³õÊ¼»¯ä¯ÀÀÆ÷£¬¿ªÊ¼Ò»´ÎĞÂµÄ test £¡£¡£¡
2019-03-13 22:00:29 [wysh.selenium.base.SelectDriver] - [ main:230614 ] - [ INFO ] start browser £¬and browser is chrome !!!
2019-03-13 22:00:38 [wysh.selenium.testcase.TestLoginAndCommitBug] - [ main:239108 ] - [ INFO ] ¶ÁÈ¡µÄ ExcelÊı¾İĞÅÏ¢Îª£º{password=Cc1234, bugdetail=ÕâÊÇuser3Ìá½»µÄbugÏêÇé3, bugtitle=, username=user3}
2019-03-13 22:00:38 [wysh.selenium.testcase.TestLoginAndCommitBug] - [ main:239108 ] - [ INFO ] µÇÂ¼ÓÃ»§ÃûÊÇ :user3
2019-03-13 22:00:38 [wysh.selenium.testcase.TestLoginAndCommitBug] - [ main:239109 ] - [ INFO ] µÇÂ¼ÃÜÂëÊÇ  :Cc1234
2019-03-13 22:00:38 [wysh.selenium.testcase.TestLoginAndCommitBug] - [ main:239109 ] - [ INFO ] BugµÄ±êÌâÊÇ :
2019-03-13 22:00:38 [wysh.selenium.testcase.TestLoginAndCommitBug] - [ main:239109 ] - [ INFO ] BugµÄÏêÏ¸ĞÅÏ¢ÊÇ :ÕâÊÇuser3Ìá½»µÄbugÏêÇé3
2019-03-13 22:00:38 [wysh.selenium.business.LoginPro] - [ main:239239 ] - [ INFO ] ¿ªÊ¼µÇÂ¼²Ù×÷£¡£¡£¡
2019-03-13 22:00:45 [wysh.selenium.business.HomePagePro] - [ main:246173 ] - [ INFO ] Ìá½»bug¿ªÊ¼ÁË!!!!
2019-03-13 22:00:53 [wysh.selenium.business.HomePagePro] - [ main:253707 ] - [ INFO ] bug before count is :9
2019-03-13 22:01:18 [wysh.selenium.util.TestngRetry] - [ main:278855 ] - [ INFO ] [TestResult name=testLogin status=FAILURE method=TestLoginAndCommitBug.testLogin(java.util.HashMap)[pri:0, instance:wysh.selenium.testcase.TestLoginAndCommitBug@20322d26] output={null}]
2019-03-13 22:01:18 [wysh.selenium.base.DriverBase] - [ main:278859 ] - [ INFO ] ¿ªÊ¼½ØÍ¼
2019-03-13 22:01:18 [wysh.selenium.base.DriverBase] - [ main:279150 ] - [ INFO ] ½ØÍ¼Íê³É
2019-03-13 22:01:18 [wysh.selenium.testcase.TestLoginAndCommitBug] - [ main:279151 ] - [ INFO ] ¹Ø±Õä¯ÀÀÆ÷£¬±¾´Î test ½áÊø £¡£¡£¡
2019-03-13 22:01:18 [wysh.selenium.testcase.TestLoginAndCommitBug] - [ main:279388 ] - [ INFO ] ³õÊ¼»¯ä¯ÀÀÆ÷£¬¿ªÊ¼Ò»´ÎĞÂµÄ test £¡£¡£¡
2019-03-13 22:01:18 [wysh.selenium.base.SelectDriver] - [ main:279410 ] - [ INFO ] start browser £¬and browser is chrome !!!
2019-03-13 22:01:24 [wysh.selenium.testcase.TestLoginAndCommitBug] - [ main:284932 ] - [ INFO ] ¶ÁÈ¡µÄ ExcelÊı¾İĞÅÏ¢Îª£º{password=Dd1234, bugdetail=ÕâÊÇuser4Ìá½»µÄbugÏêÇé4, bugtitle=ÕâÊÇÓÉuser4Ìá½»µÄbug4, username=user4}
2019-03-13 22:01:24 [wysh.selenium.testcase.TestLoginAndCommitBug] - [ main:284933 ] - [ INFO ] µÇÂ¼ÓÃ»§ÃûÊÇ :user4
2019-03-13 22:01:24 [wysh.selenium.testcase.TestLoginAndCommitBug] - [ main:284933 ] - [ INFO ] µÇÂ¼ÃÜÂëÊÇ  :Dd1234
2019-03-13 22:01:24 [wysh.selenium.testcase.TestLoginAndCommitBug] - [ main:284933 ] - [ INFO ] BugµÄ±êÌâÊÇ :ÕâÊÇÓÉuser4Ìá½»µÄbug4
2019-03-13 22:01:24 [wysh.selenium.testcase.TestLoginAndCommitBug] - [ main:284934 ] - [ INFO ] BugµÄÏêÏ¸ĞÅÏ¢ÊÇ :ÕâÊÇuser4Ìá½»µÄbugÏêÇé4
2019-03-13 22:01:24 [wysh.selenium.business.LoginPro] - [ main:284981 ] - [ INFO ] ¿ªÊ¼µÇÂ¼²Ù×÷£¡£¡£¡
2019-03-13 22:01:29 [wysh.selenium.business.HomePagePro] - [ main:290152 ] - [ INFO ] Ìá½»bug¿ªÊ¼ÁË!!!!
2019-03-13 22:01:37 [wysh.selenium.business.HomePagePro] - [ main:298027 ] - [ INFO ] bug before count is :14
2019-03-13 22:01:54 [wysh.selenium.business.HomePagePro] - [ main:315043 ] - [ INFO ] bug after count is :15
2019-03-13 22:02:01 [wysh.selenium.testcase.TestLoginAndCommitBug] - [ main:321683 ] - [ INFO ] ¹Ø±Õä¯ÀÀÆ÷£¬±¾´Î test ½áÊø £¡£¡£¡
