<?xml version="1.0" encoding="UTF-8"?>
<testsuite name="Test"
           tests="7"
           failures="0"
           errors="0"
           skipped="0"
           time="35.669">
  <properties />
  
  
            <testcase name="testlogin" time="5.412" classname="wysh.selenium.testcase.TestLoginExcel" />
                <testcase name="testlogin" time="4.798" classname="wysh.selenium.testcase.TestLoginExcel" />
                <testcase name="testlogin" time="5.147" classname="wysh.selenium.testcase.TestLoginExcel" />
                <testcase name="testlogin" time="5.049" classname="wysh.selenium.testcase.TestLoginExcel" />
                <testcase name="testlogin" time="4.791" classname="wysh.selenium.testcase.TestLoginExcel" />
                <testcase name="testlogin" time="5.169" classname="wysh.selenium.testcase.TestLoginExcel" />
                <testcase name="testlogin" time="5.303" classname="wysh.selenium.testcase.TestLoginExcel" />
      
</testsuite>
